<?xml version="1.0" encoding="UTF-8" ?>
<testsuite errors="0" failures="0" hostname="Int-NbDes-LCohn" name="com.google.i18n.phonenumbers.PhoneNumberMatchTest" tests="2" time="0.005" timestamp="2015-07-06T17:17:26">
  <properties>
[...]
</properties>
  <testcase classname="com.google.i18n.phonenumbers.PhoneNumberMatchTest" name="testValueTypeSemantics" time="0.002" />
  <testcase classname="com.google.i18n.phonenumbers.PhoneNumberMatchTest" name="testIllegalArguments" time="0.0" />
  <system-out><![CDATA[]]></system-out>
  <system-err><![CDATA[]]></system-err>
</testsuite>
