<?xml version="1.0" encoding="UTF-8" ?>
<testsuite errors="0" failures="0" hostname="Int-NbDes-MDAgos" name="com.google.i18n.phonenumbers.ShortNumberUtilTest" skipped="0" tests="16" time="0.01" timestamp="2015-11-12T19:44:35">
  <properties>
[...]
</properties>
  <testcase classname="com.google.i18n.phonenumbers.ShortNumberUtilTest" name="testConnectsToEmergencyNumber_US" time="0.0" />
  <testcase classname="com.google.i18n.phonenumbers.ShortNumberUtilTest" name="testConnectsToEmergencyNumber_BR" time="0.0" />
  <testcase classname="com.google.i18n.phonenumbers.ShortNumberUtilTest" name="testConnectsToEmergencyNumber_AO" time="0.0" />
  <testcase classname="com.google.i18n.phonenumbers.ShortNumberUtilTest" name="testConnectsToEmergencyNumber_ZW" time="0.0" />
  <testcase classname="com.google.i18n.phonenumbers.ShortNumberUtilTest" name="testIsEmergencyNumber_US" time="0.0" />
  <testcase classname="com.google.i18n.phonenumbers.ShortNumberUtilTest" name="testIsEmergencyNumber_BR" time="0.0" />
  <testcase classname="com.google.i18n.phonenumbers.ShortNumberUtilTest" name="testIsEmergencyNumber_AO" time="0.0" />
  <testcase classname="com.google.i18n.phonenumbers.ShortNumberUtilTest" name="testIsEmergencyNumber_ZW" time="0.0" />
  <testcase classname="com.google.i18n.phonenumbers.ShortNumberUtilTest" name="testConnectsToEmergencyNumberLongNumber_US" time="0.0" />
  <testcase classname="com.google.i18n.phonenumbers.ShortNumberUtilTest" name="testConnectsToEmergencyNumberWithFormatting_US" time="0.0" />
  <testcase classname="com.google.i18n.phonenumbers.ShortNumberUtilTest" name="testConnectsToEmergencyNumberWithPlusSign_US" time="0.0" />
  <testcase classname="com.google.i18n.phonenumbers.ShortNumberUtilTest" name="testConnectsToEmergencyNumberLongNumber_BR" time="0.0" />
  <testcase classname="com.google.i18n.phonenumbers.ShortNumberUtilTest" name="testIsEmergencyNumberLongNumber_US" time="0.0" />
  <testcase classname="com.google.i18n.phonenumbers.ShortNumberUtilTest" name="testIsEmergencyNumberWithFormatting_US" time="0.0" />
  <testcase classname="com.google.i18n.phonenumbers.ShortNumberUtilTest" name="testIsEmergencyNumberWithPlusSign_US" time="0.0" />
  <testcase classname="com.google.i18n.phonenumbers.ShortNumberUtilTest" name="testIsEmergencyNumberLongNumber_BR" time="0.0" />
  <system-out><![CDATA[]]></system-out>
  <system-err><![CDATA[]]></system-err>
</testsuite>
