<?xml version="1.0" encoding="UTF-8" ?>
<testsuite tests="15" failures="0" name="com.google.i18n.phonenumbers.ExampleNumbersTest" time="1.462" errors="0" skipped="0">
  <properties>
[...]
</properties>
  <testcase classname="com.google.i18n.phonenumbers.ExampleNumbersTest" name="testCanBeInternationallyDialled" time="0.134"/>
  <testcase classname="com.google.i18n.phonenumbers.ExampleNumbersTest" name="testGlobalNetworkNumbers" time="0.001"/>
  <testcase classname="com.google.i18n.phonenumbers.ExampleNumbersTest" name="testCarrierSpecificShortNumbers" time="0.09"/>
  <testcase classname="com.google.i18n.phonenumbers.ExampleNumbersTest" name="testFixedLine" time="0.245"/>
  <testcase classname="com.google.i18n.phonenumbers.ExampleNumbersTest" name="testMobile" time="0.151"/>
  <testcase classname="com.google.i18n.phonenumbers.ExampleNumbersTest" name="testTollFree" time="0.088"/>
  <testcase classname="com.google.i18n.phonenumbers.ExampleNumbersTest" name="testPremiumRate" time="0.095"/>
  <testcase classname="com.google.i18n.phonenumbers.ExampleNumbersTest" name="testVoip" time="0.114"/>
  <testcase classname="com.google.i18n.phonenumbers.ExampleNumbersTest" name="testPager" time="0.072"/>
  <testcase classname="com.google.i18n.phonenumbers.ExampleNumbersTest" name="testUan" time="0.095"/>
  <testcase classname="com.google.i18n.phonenumbers.ExampleNumbersTest" name="testVoicemail" time="0.064"/>
  <testcase classname="com.google.i18n.phonenumbers.ExampleNumbersTest" name="testSharedCost" time="0.076"/>
  <testcase classname="com.google.i18n.phonenumbers.ExampleNumbersTest" name="testEmergency" time="0.075"/>
  <testcase classname="com.google.i18n.phonenumbers.ExampleNumbersTest" name="testEveryRegionHasAnExampleNumber" time="0.07"/>
  <testcase classname="com.google.i18n.phonenumbers.ExampleNumbersTest" name="testShortNumbersValidAndCorrectCost" time="0.092"/>
</testsuite>